@00000060
97
00
00
00
83
80
50
0A
97
00
00
00
83
C0
D0
09
97
00
00
00
83
90
80
09
97
00
00
00
83
D0
00
09
97
00
00
00
83
A0
C0
08
97
00
00
00
83
80
D0
07
97
00
00
00
83
80
60
07
97
00
00
00
83
80
F0
06
97
00
00
00
83
90
80
06
97
00
00
00
83
90
20
06
97
00
00
00
83
D0
A0
05
17
01
00
00
13
01
D1
04
93
00
F0
07
23
00
11
00
97
00
00
00
83
80
D0
03
17
01
00
00
13
01
81
03
93
00
F0
00
23
10
11
00
97
00
00
00
83
90
80
02
17
01
00
00
13
01
41
02
93
00
E0
00
23
20
11
00
97
00
00
00
83
A0
40
01
63
00
00
00
77
8A
97
31
0B
80
0B
B0
CD
00
00
80
00
00
00
00
