@00000003
000001170011202376410113000001170011202376C10113000001170010C0B3
0011202374C10113000001170011202375410113000001170011202375C10113
000000977200A083000000977240A08300000097001120237441011300000117
000002637100A083000000977140A083000000977180A0830000009771C0A083
6FC0A083000000977000A083000000977040A083000000977080A08300000097
001120236D410113000001170010C0B36F40A083000000976F80A08300000097
00112023001080936C0101130000011700112023001080936CC1011300000117
00112023001080936A8101130000011700112023001080936B41011300000117
6740A083000000976780A08300000097001120230010809369C1011300000117
6640A083000000976680A0830000009766C0A083000000976700A08300000097
63C0A083000000976400A083000000976440A083000000976480A08300000097
0011202361410113000001170010C0B36340A083000000976380A08300000097
5FC10113000001170011202360410113000001170011202360C1011300000117
00000097001120235EC1011300000117001120235F4101130000011700112023
000000975C00A083000000975C40A083000000975C80A083000000975CC0A083
000001170011202359810113000001170010C0B35B80A083000000975BC0A083
0000011700112023001080935841011300000117001120230010809359010113
00000117001120230010809356C1011300000117001120230010809357810113
000000975380A0830000009753C0A08300000097001120230010809356010113
000000975280A0830000009752C0A083000000975300A083000000975340A083
000000975000A083000000975040A083000000975080A0830000009750C0A083
00000117001120234D810113000001170010C0B34F80A083000000974FC0A083
001120234C01011300000117001120234C81011300000117001120234D010113
4900A08300000097001120234B01011300000117001120234B81011300000117
4800A083000000974840A083000000974880A0830000009748C0A08300000097
45410113000001170011202345C10113000001170010C0B347C0A08300000097
43C1011300000117001120230010809344810113000001170011202300108093
4241011300000117001120230010809343010113000001170011202300108093
3F80A083000000973FC0A083000000974000A083000000970011202300108093
3D00A083000000973EC0A083000000973F00A083000000973F40A08300000097
3C00A083000000973C40A083000000973C80A083000000973CC0A08300000097
39410113000001170011202339C10113000001170010C0B33BC0A08300000097
000001170011202338410113000001170011202338C101130000011700112023
000000973540A083000000970011202337410113000001170011202337C10113
000000973440A083000000973480A0830000009734C0A083000000973500A083
0010809331810113000001170011202332010113000001170010C0B33400A083
001080933001011300000117001120230010809330C101130000011700112023
001080932E8101130000011700112023001080932F4101130000011700112023
000000972BC0A083000000972C00A083000000972C40A0830000009700112023
000000972940A083000000972B00A083000000972B40A083000000972B80A083
000000972840A083000000972880A0830000009728C0A083000000972900A083
0011202325810113000001170011202326010113000001170010C0B32800A083
2401011300000117001120232481011300000117001120232501011300000117
2140A083000000972180A0830000009700112023238101130000011700112023
2040A083000000972080A0830000009720C0A083000000972100A08300000097
00112023001080931DC1011300000117001120231E410113000001170010C0B3
00112023001080931C4101130000011700112023001080931D01011300000117
00112023001080931AC101130000011700112023001080931B81011300000117
17C0A083000000971800A083000000971840A083000000971880A08300000097
1540A083000000971580A083000000971740A083000000971780A08300000097
1440A083000000971480A0830000009714C0A083000000971500A08300000097
000001170011202311C10113000001170011202312410113000001170010C0B3
0011202310410113000001170011202310C10113000001170011202311410113
000000970D80A083000000970DC0A08300000097001120230FC1011300000117
0010C0B30C80A083000000970CC0A083000000970D00A083000000970D40A083
0000011700112023001080930A01011300000117001120230A81011300000117
0000011700112023001080930881011300000117001120230010809309410113
0000009700112023001080930701011300000117001120230010809307C10113
000000970280A0830000009702C0A083000000970300A083000000970340A083
00000003000000020000000100000000000000630200A083000000970240A083
0000000500000004000000030000000200000001000000000000000500000004
0000001300000012000000110000001000000009000000080000000700000006
0000000000000020000000190000001800000017000000160000001500000014
00000000
