@00000060
97
00
00
00
83
A0
C0
0B
97
03
00
00
93
83
83
0B
23
A0
13
00
93
80
F0
FF
97
03
00
00
93
83
C3
0A
23
A0
13
00
63
80
10
06
97
00
00
00
83
A0
00
0A
17
01
00
00
03
21
C1
09
33
81
20
00
97
03
00
00
93
83
03
09
23
A0
23
00
17
00
00
00
03
20
40
07
13
00
F0
FF
B3
C0
10
00
63
00
10
06
97
03
00
00
93
83
03
06
23
A0
03
00
97
03
00
00
93
83
83
05
23
A0
03
00
97
03
00
00
93
83
03
05
23
A0
23
00
63
02
00
00
33
40
00
00
97
00
00
00
83
A0
80
03
17
01
00
00
03
21
41
03
33
00
10
00
13
01
F1
FF
B3
C1
31
00
E3
1A
31
FE
97
03
00
00
93
83
03
02
23
A0
03
00
E3
8A
10
F6
63
80
10
00
05
00
00
00
00
00
00
00
00
00
00
00
00
00
00
00
00
00
00
00
00
00
00
00
