@00000060
97
00
00
00
83
A0
00
0C
93
80
20
00
13
A1
30
00
13
A1
10
00
97
00
00
00
83
A0
C0
0B
93
C0
F0
07
97
00
00
00
83
A0
00
0A
93
E0
F0
07
97
00
00
00
83
A0
40
0A
93
F0
00
00
B7
20
00
00
93
D0
10
00
93
90
10
00
B7
10
00
00
93
D0
C0
00
37
21
00
00
13
51
C1
00
B3
80
20
00
B3
80
20
40
B3
90
20
00
B3
A1
20
00
B3
21
11
00
97
00
00
00
83
A0
C0
05
17
01
00
00
03
21
81
05
97
01
00
00
83
A1
81
04
B3
B1
20
00
B3
31
11
00
37
41
00
00
13
51
C1
00
B3
D0
20
40
B3
D0
20
00
97
00
00
00
83
A0
40
03
17
01
00
00
03
21
81
02
B3
C0
20
00
97
00
00
00
83
A0
00
02
17
01
00
00
03
21
41
01
B3
F0
20
00
00
00
00
00
00
00
00
F0
01
00
00
F0
C1
AB
00
F0
FF
FF
FF
FF
